<?xml version="1.0" encoding="utf-8"?><testsuites><testsuite name="pytest" errors="0" failures="0" skipped="0" tests="2" time="0.555" timestamp="2022-04-05T14:42:14.414477" hostname="dev"><testcase classname="tests.test_frontend.TestResponse" name="test_character" time="0.066" /><testcase classname="tests.test_frontend.TestResponse" name="test_hist_get" time="0.025" /></testsuite></testsuites>