<?xml version="1.0" encoding="utf-8"?><testsuites><testsuite name="pytest" errors="0" failures="0" skipped="0" tests="2" time="0.310" timestamp="2022-04-05T14:42:27.774566" hostname="dev"><testcase classname="tests.test_race.TestViews" name="test_get_race" time="0.009" /><testcase classname="tests.test_race.TestViews" name="test_get_race2" time="0.004" /></testsuite></testsuites>